<?xml version="1.0" encoding="UTF-8"?>
<testsuite name="hello.kms.KmsApplicationTests" tests="1" skipped="0" failures="0" errors="0" timestamp="2022-10-04T13:56:42" hostname="DESKTOP-MMAQRAP" time="0.182">
  <properties/>
  <testcase name="contextLoads()" classname="hello.kms.KmsApplicationTests" time="0.182"/>
  <system-out><![CDATA[22:56:35.535 [Test worker] DEBUG org.springframework.test.context.BootstrapUtils - Instantiating CacheAwareContextLoaderDelegate from class [org.springframework.test.context.cache.DefaultCacheAwareContextLoaderDelegate]
22:56:35.568 [Test worker] DEBUG org.springframework.test.context.BootstrapUtils - Instantiating BootstrapContext using constructor [public org.springframework.test.context.support.DefaultBootstrapContext(java.lang.Class,org.springframework.test.context.CacheAwareContextLoaderDelegate)]
22:56:35.621 [Test worker] DEBUG org.springframework.test.context.BootstrapUtils - Instantiating TestContextBootstrapper for test class [hello.kms.KmsApplicationTests] from class [org.springframework.boot.test.context.SpringBootTestContextBootstrapper]
22:56:35.634 [Test worker] INFO org.springframework.boot.test.context.SpringBootTestContextBootstrapper - Neither @ContextConfiguration nor @ContextHierarchy found for test class [hello.kms.KmsApplicationTests], using SpringBootContextLoader
22:56:35.640 [Test worker] DEBUG org.springframework.test.context.support.AbstractContextLoader - Did not detect default resource location for test class [hello.kms.KmsApplicationTests]: class path resource [hello/kms/KmsApplicationTests-context.xml] does not exist
22:56:35.641 [Test worker] DEBUG org.springframework.test.context.support.AbstractContextLoader - Did not detect default resource location for test class [hello.kms.KmsApplicationTests]: class path resource [hello/kms/KmsApplicationTestsContext.groovy] does not exist
22:56:35.641 [Test worker] INFO org.springframework.test.context.support.AbstractContextLoader - Could not detect default resource locations for test class [hello.kms.KmsApplicationTests]: no resource found for suffixes {-context.xml, Context.groovy}.
22:56:35.641 [Test worker] INFO org.springframework.test.context.support.AnnotationConfigContextLoaderUtils - Could not detect default configuration classes for test class [hello.kms.KmsApplicationTests]: KmsApplicationTests does not declare any static, non-private, non-final, nested classes annotated with @Configuration.
22:56:35.702 [Test worker] DEBUG org.springframework.test.context.support.ActiveProfilesUtils - Could not find an 'annotation declaring class' for annotation type [org.springframework.test.context.ActiveProfiles] and class [hello.kms.KmsApplicationTests]
22:56:35.778 [Test worker] DEBUG org.springframework.context.annotation.ClassPathScanningCandidateComponentProvider - Identified candidate component class: file [C:\Users\Boat\Documents\GitHub\kms\build\classes\java\main\hello\kms\KmsApplication.class]
22:56:35.779 [Test worker] INFO org.springframework.boot.test.context.SpringBootTestContextBootstrapper - Found @SpringBootConfiguration hello.kms.KmsApplication for test class hello.kms.KmsApplicationTests
22:56:35.908 [Test worker] DEBUG org.springframework.boot.test.context.SpringBootTestContextBootstrapper - @TestExecutionListeners is not present for class [hello.kms.KmsApplicationTests]: using defaults.
22:56:35.909 [Test worker] INFO org.springframework.boot.test.context.SpringBootTestContextBootstrapper - Loaded default TestExecutionListener class names from location [META-INF/spring.factories]: [org.springframework.security.test.context.support.WithSecurityContextTestExecutionListener, org.springframework.security.test.context.support.ReactorContextTestExecutionListener, org.springframework.boot.test.autoconfigure.restdocs.RestDocsTestExecutionListener, org.springframework.boot.test.autoconfigure.web.client.MockRestServiceServerResetTestExecutionListener, org.springframework.boot.test.autoconfigure.web.servlet.MockMvcPrintOnlyOnFailureTestExecutionListener, org.springframework.boot.test.autoconfigure.web.servlet.WebDriverTestExecutionListener, org.springframework.boot.test.autoconfigure.webservices.client.MockWebServiceServerTestExecutionListener, org.springframework.boot.test.mock.mockito.MockitoTestExecutionListener, org.springframework.boot.test.mock.mockito.ResetMocksTestExecutionListener, org.springframework.test.context.web.ServletTestExecutionListener, org.springframework.test.context.support.DirtiesContextBeforeModesTestExecutionListener, org.springframework.test.context.event.ApplicationEventsTestExecutionListener, org.springframework.test.context.support.DependencyInjectionTestExecutionListener, org.springframework.test.context.support.DirtiesContextTestExecutionListener, org.springframework.test.context.transaction.TransactionalTestExecutionListener, org.springframework.test.context.jdbc.SqlScriptsTestExecutionListener, org.springframework.test.context.event.EventPublishingTestExecutionListener]
22:56:35.944 [Test worker] INFO org.springframework.boot.test.context.SpringBootTestContextBootstrapper - Using TestExecutionListeners: [org.springframework.test.context.web.ServletTestExecutionListener@e72dba7, org.springframework.test.context.support.DirtiesContextBeforeModesTestExecutionListener@33c2bd, org.springframework.test.context.event.ApplicationEventsTestExecutionListener@1dfd5f51, org.springframework.boot.test.mock.mockito.MockitoTestExecutionListener@3c321bdb, org.springframework.boot.test.autoconfigure.SpringBootDependencyInjectionTestExecutionListener@24855019, org.springframework.test.context.support.DirtiesContextTestExecutionListener@3abd581e, org.springframework.test.context.transaction.TransactionalTestExecutionListener@4d4d8fcf, org.springframework.test.context.jdbc.SqlScriptsTestExecutionListener@610db97e, org.springframework.security.test.context.support.WithSecurityContextTestExecutionListener@6f0628de, org.springframework.test.context.event.EventPublishingTestExecutionListener@3fabf088, org.springframework.security.test.context.support.ReactorContextTestExecutionListener@1e392345, org.springframework.boot.test.autoconfigure.restdocs.RestDocsTestExecutionListener@12f3afb5, org.springframework.boot.test.autoconfigure.web.client.MockRestServiceServerResetTestExecutionListener@4ced35ed, org.springframework.boot.test.autoconfigure.web.servlet.MockMvcPrintOnlyOnFailureTestExecutionListener@2c22a348, org.springframework.boot.test.autoconfigure.web.servlet.WebDriverTestExecutionListener@7bd69e82, org.springframework.boot.test.autoconfigure.webservices.client.MockWebServiceServerTestExecutionListener@74d7184a, org.springframework.boot.test.mock.mockito.ResetMocksTestExecutionListener@51b01960]
22:56:35.949 [Test worker] DEBUG org.springframework.test.context.support.AbstractDirtiesContextTestExecutionListener - Before test class: context [DefaultTestContext@323e8306 testClass = KmsApplicationTests, testInstance = [null], testMethod = [null], testException = [null], mergedContextConfiguration = [WebMergedContextConfiguration@a23a01d testClass = KmsApplicationTests, locations = '{}', classes = '{class hello.kms.KmsApplication}', contextInitializerClasses = '[]', activeProfiles = '{}', propertySourceLocations = '{}', propertySourceProperties = '{org.springframework.boot.test.context.SpringBootTestContextBootstrapper=true}', contextCustomizers = set[org.springframework.boot.test.autoconfigure.actuate.metrics.MetricsExportContextCustomizerFactory$DisableMetricExportContextCustomizer@25e2a451, org.springframework.boot.test.autoconfigure.properties.PropertyMappingContextCustomizer@0, org.springframework.boot.test.autoconfigure.web.servlet.WebDriverContextCustomizerFactory$Customizer@5f031ebd, org.springframework.boot.test.context.filter.ExcludeFilterContextCustomizer@41e350f1, org.springframework.boot.test.json.DuplicateJsonObjectContextCustomizerFactory$DuplicateJsonObjectContextCustomizer@75d0911a, org.springframework.boot.test.mock.mockito.MockitoContextCustomizer@0, org.springframework.boot.test.web.client.TestRestTemplateContextCustomizer@5c3b6c6e, org.springframework.boot.test.context.SpringBootTestArgs@1, org.springframework.boot.test.context.SpringBootTestWebEnvironment@2415fc55], resourceBasePath = 'src/main/webapp', contextLoader = 'org.springframework.boot.test.context.SpringBootContextLoader', parent = [null]], attributes = map['org.springframework.test.context.web.ServletTestExecutionListener.activateListener' -> true]], class annotated with @DirtiesContext [false] with mode [null].

  .   ____          _            __ _ _
 /\\ / ___'_ __ _ _(_)_ __  __ _ \ \ \ \
( ( )\___ | '_ | '_| | '_ \/ _` | \ \ \ \
 \\/  ___)| |_)| | | | | || (_| |  ) ) ) )
  '  |____| .__|_| |_|_| |_\__, | / / / /
 =========|_|==============|___/=/_/_/_/
 :: Spring Boot ::                (v2.7.2)

2022-10-04 22:56:36.387  INFO 10080 --- [    Test worker] hello.kms.KmsApplicationTests            : Starting KmsApplicationTests using Java 11.0.15.1 on DESKTOP-MMAQRAP with PID 10080 (started by Boat in C:\Users\Boat\Documents\GitHub\kms)
2022-10-04 22:56:36.389  INFO 10080 --- [    Test worker] hello.kms.KmsApplicationTests            : No active profile set, falling back to 1 default profile: "default"
2022-10-04 22:56:37.319  INFO 10080 --- [    Test worker] .s.d.r.c.RepositoryConfigurationDelegate : Bootstrapping Spring Data JPA repositories in DEFAULT mode.
2022-10-04 22:56:37.408  INFO 10080 --- [    Test worker] .s.d.r.c.RepositoryConfigurationDelegate : Finished Spring Data repository scanning in 78 ms. Found 2 JPA repository interfaces.
2022-10-04 22:56:38.185  INFO 10080 --- [    Test worker] com.zaxxer.hikari.HikariDataSource       : HikariPool-1 - Starting...
2022-10-04 22:56:38.743  INFO 10080 --- [    Test worker] com.zaxxer.hikari.HikariDataSource       : HikariPool-1 - Start completed.
2022-10-04 22:56:38.829  INFO 10080 --- [    Test worker] o.hibernate.jpa.internal.util.LogHelper  : HHH000204: Processing PersistenceUnitInfo [name: default]
2022-10-04 22:56:38.947  INFO 10080 --- [    Test worker] org.hibernate.Version                    : HHH000412: Hibernate ORM core version 5.6.10.Final
2022-10-04 22:56:39.270  INFO 10080 --- [    Test worker] o.hibernate.annotations.common.Version   : HCANN000001: Hibernate Commons Annotations {5.1.2.Final}
2022-10-04 22:56:39.492  INFO 10080 --- [    Test worker] org.hibernate.dialect.Dialect            : HHH000400: Using dialect: org.hibernate.dialect.MySQL5InnoDBDialect
2022-10-04 22:56:40.511  INFO 10080 --- [    Test worker] o.h.e.t.j.p.i.JtaPlatformInitiator       : HHH000490: Using JtaPlatform implementation: [org.hibernate.engine.transaction.jta.platform.internal.NoJtaPlatform]
2022-10-04 22:56:40.524  INFO 10080 --- [    Test worker] j.LocalContainerEntityManagerFactoryBean : Initialized JPA EntityManagerFactory for persistence unit 'default'
2022-10-04 22:56:41.242  WARN 10080 --- [    Test worker] .s.s.UserDetailsServiceAutoConfiguration : 

Using generated security password: 3fb36b0d-f485-42e8-85a4-44fd9547b19d

This generated password is for development use only. Your security configuration must be updated before running your application in production.

2022-10-04 22:56:41.515  INFO 10080 --- [    Test worker] o.s.s.web.DefaultSecurityFilterChain     : Will secure any request with [org.springframework.security.web.session.DisableEncodeUrlFilter@3fcb737, org.springframework.security.web.context.request.async.WebAsyncManagerIntegrationFilter@7a22302c, org.springframework.security.web.context.SecurityContextPersistenceFilter@1b901f7b, org.springframework.security.web.header.HeaderWriterFilter@782ed745, org.springframework.security.web.authentication.logout.LogoutFilter@52fed5b7, hello.kms.security.JwtAuthenticationFilter@4af50246, org.springframework.security.web.savedrequest.RequestCacheAwareFilter@5bfdabf3, org.springframework.security.web.servletapi.SecurityContextHolderAwareRequestFilter@400d1c30, org.springframework.security.web.authentication.AnonymousAuthenticationFilter@45482f82, org.springframework.security.web.session.SessionManagementFilter@1a48a582, org.springframework.security.web.access.ExceptionTranslationFilter@123426a9, org.springframework.security.web.access.intercept.FilterSecurityInterceptor@6e80de85]
2022-10-04 22:56:41.862  WARN 10080 --- [    Test worker] JpaBaseConfiguration$JpaWebConfiguration : spring.jpa.open-in-view is enabled by default. Therefore, database queries may be performed during view rendering. Explicitly configure spring.jpa.open-in-view to disable this warning
2022-10-04 22:56:42.759  INFO 10080 --- [    Test worker] hello.kms.KmsApplicationTests            : Started KmsApplicationTests in 6.761 seconds (JVM running for 8.835)
]]></system-out>
  <system-err><![CDATA[]]></system-err>
</testsuite>
